==================== 2026-06-07T02:55:49.720809Z | e7923c8d-0621-432d-a677-bd7359f0c817 ====================
02:55:49.721096 [info ]: Starting dbt LSP server
02:55:49.721177 [info ]: Connecting to LSP client on port 8000
02:55:49.721574 [info ]: Successfully connected to LSP client
02:55:49.721581 [info ]: Creating LSP service...
02:55:49.760476 [info ]: Creating LSP server...
02:55:49.760493 [info ]: Starting LSP server...
02:55:49.776725 [info ]: Started loading project
02:55:50.366939 [info ]: Finished loading project [  0.59s]
02:55:50.367294 [info ]: Started parsing
02:55:50.495959 [info ]: Finished parsing [  0.13s]
02:55:50.496500 [info ]: Cached model count updated: 12 models (estimate)
02:55:50.496525 [info ]: Cached model count updated: 12 models (accurate)
02:55:50.496869 [info ]: Started scheduling
02:55:50.497638 [info ]: Finished scheduling [  0.00s]
02:55:54.534722 [debug]: Query executed on node unknown:
SELECT
    table_catalog,
    table_schema,
    table_name,
    table_type
FROM 
    `analytics-take-home-test`.`monzo_james_2026`.INFORMATION_SCHEMA.TABLES
02:55:55.852165 [info ]: Started building task graph
02:55:55.852738 [warn ]: dbt1000: Detected unsafe introspection which may lead to non-deterministic static analysis. To suppress this warning, set static_analysis to 'unsafe' in the nodes' configuration. Learn more: https://docs.getdbt.com/docs/fusion/new-concepts. Nodes: 'model.bank_dbt.dim_dates' (execute)
02:55:55.853602 [info ]: Started rendering (16 nodes)
02:55:55.853696 [info ]: Started model monzo_james_2026.dim_dates
02:55:55.853757 [debug]: Started rendering model monzo_james_2026.dim_dates
02:55:55.853771 [info ]: Started model monzo_james_2026.stg_backend__account_transactions
02:55:55.853775 [debug]: Started rendering model monzo_james_2026.stg_backend__account_transactions
02:55:55.853780 [info ]: Started model monzo_james_2026.stg_backend__account_reopening
02:55:55.853783 [debug]: Started rendering model monzo_james_2026.stg_backend__account_reopening
02:55:55.853787 [info ]: Started model monzo_james_2026.stg_backend__account_creation
02:55:55.853791 [debug]: Started rendering model monzo_james_2026.stg_backend__account_creation
02:55:55.853796 [info ]: Started model monzo_james_2026.stg_backend__account_closure
02:55:55.853799 [debug]: Started rendering model monzo_james_2026.stg_backend__account_closure
02:55:55.853804 [info ]: Started analysis monzo_james_2026.uniqueness_check
02:55:55.853807 [debug]: Started rendering analysis monzo_james_2026.uniqueness_check
02:55:55.853812 [info ]: Started analysis monzo_james_2026.relationship_check
02:55:55.853815 [debug]: Started rendering analysis monzo_james_2026.relationship_check
02:55:55.853819 [info ]: Started analysis monzo_james_2026.closure_vs_reopening_check
02:55:55.853822 [debug]: Started rendering analysis monzo_james_2026.closure_vs_reopening_check
02:55:55.853827 [info ]: Started analysis monzo_james_2026.all_tables_row_count
02:55:55.853829 [debug]: Started rendering analysis monzo_james_2026.all_tables_row_count
02:55:55.853909 [info ]: Finished building task graph [  0.00s]
02:55:55.856261 [debug]: Finished rendering [  0.00s] analysis monzo_james_2026.closure_vs_reopening_check [success]
02:55:55.856316 [info ]: Started analyzing (16 nodes)
02:55:55.856323 [debug]: Started analyzing analysis monzo_james_2026.closure_vs_reopening_check
02:55:55.856354 [debug]: Finished rendering [  0.00s] analysis monzo_james_2026.relationship_check [success]
02:55:55.856362 [debug]: Started analyzing analysis monzo_james_2026.relationship_check
02:55:55.856378 [debug]: Finished rendering [  0.00s] analysis monzo_james_2026.all_tables_row_count [success]
02:55:55.856389 [debug]: Started analyzing analysis monzo_james_2026.all_tables_row_count
02:55:55.856455 [debug]: Started analyzing model monzo_james_2026.stg_backend__account_creation
02:55:55.856513 [debug]: Finished rendering [  0.00s] analysis monzo_james_2026.uniqueness_check [success]
02:55:55.856526 [debug]: Started analyzing analysis monzo_james_2026.uniqueness_check
02:55:55.856603 [debug]: Finished rendering [  0.00s] model monzo_james_2026.stg_backend__account_creation [success]
02:55:55.856603 [debug]: Finished rendering [  0.00s] model monzo_james_2026.stg_backend__account_reopening [success]
02:55:55.856622 [debug]: Started analyzing model monzo_james_2026.stg_backend__account_reopening
02:55:55.866763 [warn ]: dbt0101: mismatched input 'select' expecting <EOF>
  --> analyses/eda/uniqueness_check.sql:9:1 (target/compiled/analyses/eda/uniqueness_check.sql:9:1)
02:55:55.867432 [info ]:  Succeeded [  0.01s] analysis monzo_james_2026.uniqueness_check (analysis)
02:55:55.867487 [debug]: Finished analyzing [  0.01s] analysis monzo_james_2026.uniqueness_check [success]
02:55:55.867799 [warn ]: dbt0101: mismatched input 'select' expecting one of <EOF>, ';'
  --> analyses/eda/relationship_check.sql:8:1 (target/compiled/analyses/eda/relationship_check.sql:8:1)
02:55:55.867842 [info ]:  Succeeded [  0.01s] analysis monzo_james_2026.relationship_check (analysis)
02:55:55.867867 [debug]: Finished analyzing [  0.01s] analysis monzo_james_2026.relationship_check [success]
02:55:55.868767 [debug]: Started analyzing model monzo_james_2026.stg_backend__account_closure
02:55:55.868849 [debug]: Finished rendering [  0.02s] model monzo_james_2026.stg_backend__account_closure [success]
02:55:55.869088 [debug]: Started analyzing model monzo_james_2026.stg_backend__account_transactions
02:55:55.869762 [debug]: Finished rendering [  0.02s] model monzo_james_2026.stg_backend__account_transactions [success]
02:55:55.877881 [info ]:  Succeeded [  0.02s] model monzo_james_2026.stg_backend__account_creation (view)
02:55:55.877902 [debug]: Finished analyzing [  0.02s] model monzo_james_2026.stg_backend__account_creation [success]
02:55:55.877942 [info ]:  Succeeded [  0.02s] model monzo_james_2026.stg_backend__account_reopening (view)
02:55:55.877950 [debug]: Finished analyzing [  0.02s] model monzo_james_2026.stg_backend__account_reopening [success]
02:55:55.878645 [info ]:  Succeeded [  0.02s] analysis monzo_james_2026.all_tables_row_count (analysis)
02:55:55.878655 [debug]: Finished analyzing [  0.02s] analysis monzo_james_2026.all_tables_row_count [success]
02:55:55.886212 [info ]:  Succeeded [  0.03s] analysis monzo_james_2026.closure_vs_reopening_check (analysis)
02:55:55.886233 [debug]: Finished analyzing [  0.03s] analysis monzo_james_2026.closure_vs_reopening_check [success]
02:55:55.891825 [info ]:  Succeeded [  0.04s] model monzo_james_2026.stg_backend__account_closure (view)
02:55:55.891842 [debug]: Finished analyzing [  0.02s] model monzo_james_2026.stg_backend__account_closure [success]
02:55:55.891857 [info ]: Started model monzo_james_2026.int_backend__account_closed__deduplicated
02:55:55.891865 [debug]: Started rendering model monzo_james_2026.int_backend__account_closed__deduplicated
02:55:55.892620 [debug]: Finished rendering [  0.00s] model monzo_james_2026.int_backend__account_closed__deduplicated [success]
02:55:55.892620 [debug]: Started analyzing model monzo_james_2026.int_backend__account_closed__deduplicated
02:55:55.898156 [info ]:  Succeeded [  0.04s] model monzo_james_2026.stg_backend__account_transactions (view)
02:55:55.898174 [debug]: Finished analyzing [  0.03s] model monzo_james_2026.stg_backend__account_transactions [success]
02:55:56.135231 [info ]:  Succeeded [  0.24s] model monzo_james_2026.int_backend__account_closed__deduplicated (table)
02:55:56.135259 [debug]: Finished analyzing [  0.24s] model monzo_james_2026.int_backend__account_closed__deduplicated [success]
02:55:56.135280 [info ]: Started model monzo_james_2026.dim_accounts
02:55:56.135291 [debug]: Started rendering model monzo_james_2026.dim_accounts
02:55:56.136616 [debug]: Finished rendering [  0.00s] model monzo_james_2026.dim_accounts [success]
02:55:56.136618 [debug]: Started analyzing model monzo_james_2026.dim_accounts
02:55:56.162958 [info ]:  Succeeded [  0.03s] model monzo_james_2026.dim_accounts (table)
02:55:56.162985 [debug]: Finished analyzing [  0.03s] model monzo_james_2026.dim_accounts [success]
02:55:56.162999 [info ]: Started model monzo_james_2026.dim_users
02:55:56.163005 [debug]: Started rendering model monzo_james_2026.dim_users
02:55:56.163842 [debug]: Started analyzing model monzo_james_2026.dim_users
02:55:56.163845 [debug]: Finished rendering [  0.00s] model monzo_james_2026.dim_users [success]
02:55:56.165900 [info ]:  Succeeded [  0.00s] model monzo_james_2026.dim_users (table)
02:55:56.165911 [debug]: Finished analyzing [  0.00s] model monzo_james_2026.dim_users [success]
02:55:59.507095 [debug]: Query executed on node model.bank_dbt.dim_dates:
/* {"app":"dbt","dbt_version":"2.0.0","profile_name":"bank_dbt","target_name":"dev","connection_name":""} */


        select 

    datetime_diff(
        cast(current_date as datetime),
        cast(cast('2017-08-08' as date) as datetime),
        day
    )

  
02:55:59.508953 [debug]: Finished rendering [  3.66s] model monzo_james_2026.dim_dates [success]
02:55:59.508958 [debug]: Started analyzing model monzo_james_2026.dim_dates
02:55:59.618523 [info ]:  Succeeded [  3.76s] model monzo_james_2026.dim_dates (table)
02:55:59.618548 [debug]: Finished analyzing [  0.11s] model monzo_james_2026.dim_dates [success]
02:55:59.618563 [info ]: Started model monzo_james_2026.fct_daily_accounts
02:55:59.618573 [debug]: Started rendering model monzo_james_2026.fct_daily_accounts
02:55:59.621147 [debug]: Started analyzing model monzo_james_2026.fct_daily_accounts
02:55:59.621158 [debug]: Finished rendering [  0.00s] model monzo_james_2026.fct_daily_accounts [success]
02:56:00.358761 [info ]:  Succeeded [  0.74s] model monzo_james_2026.fct_daily_accounts (incremental)
02:56:00.358787 [debug]: Finished analyzing [  0.74s] model monzo_james_2026.fct_daily_accounts [success]
02:56:00.358802 [info ]: Started model monzo_james_2026.rpt_daily_account__filtered
02:56:00.358809 [debug]: Started rendering model monzo_james_2026.rpt_daily_account__filtered
02:56:00.360027 [debug]: Finished rendering [  0.00s] model monzo_james_2026.rpt_daily_account__filtered [success]
02:56:00.360036 [debug]: Started analyzing model monzo_james_2026.rpt_daily_account__filtered
02:56:00.372185 [error]: dbt0411: Arithmetic binary failed: Invalid binary operator -(STRING, INT64)
  --> models/reporting/rpt_daily_account__filtered.sql:9:28
02:56:00.372277 [info ]:     Failed [  0.01s] model monzo_james_2026.rpt_daily_account__filtered (ephemeral)
02:56:00.372294 [debug]: Finished analyzing [  0.01s] model monzo_james_2026.rpt_daily_account__filtered [error]
02:56:00.372327 [info ]: Started model monzo_james_2026.rpt_active_users_7d
02:56:00.372337 [debug]: Started rendering model monzo_james_2026.rpt_active_users_7d
02:56:00.372350 [debug]: Finished rendering [  0.00s] model monzo_james_2026.rpt_active_users_7d [skipped]
02:56:00.372356 [debug]: Started analyzing model monzo_james_2026.rpt_active_users_7d
02:56:00.372360 [info ]:    Skipped [-------] model monzo_james_2026.rpt_active_users_7d (table)
02:56:00.372365 [debug]: Finished analyzing [  0.00s] model monzo_james_2026.rpt_active_users_7d [skipped]
02:56:00.372370 [info ]: Started model monzo_james_2026.rpt_active_users_7d_by_signup_month
02:56:00.372374 [debug]: Started rendering model monzo_james_2026.rpt_active_users_7d_by_signup_month
02:56:00.372380 [debug]: Finished rendering [  0.00s] model monzo_james_2026.rpt_active_users_7d_by_signup_month [skipped]
02:56:00.372384 [info ]: Finished rendering [  4.52s] (16 nodes, 2 skipped, 0 errors)
02:56:00.372391 [debug]: Started analyzing model monzo_james_2026.rpt_active_users_7d_by_signup_month
02:56:00.372396 [info ]:    Skipped [-------] model monzo_james_2026.rpt_active_users_7d_by_signup_month (table)
02:56:00.372401 [debug]: Finished analyzing [  0.00s] model monzo_james_2026.rpt_active_users_7d_by_signup_month [skipped]
02:56:00.372404 [info ]: Finished analyzing [  4.52s] (16 nodes, 2 skipped, 1 errors)
02:56:00.375185 [info ]: Cached model count updated: 12 models (accurate)
02:56:00.377503 [info ]: Started scheduling
02:56:00.377884 [info ]: Finished scheduling [  0.00s]
02:56:15.272175 [info ]: Started scheduling
02:56:15.272535 [info ]: Finished scheduling [  0.00s]
02:56:15.770052 [info ]: Started scheduling
02:56:15.770450 [info ]: Finished scheduling [  0.00s]
02:56:22.303920 [info ]: Started scheduling
02:56:22.304404 [info ]: Finished scheduling [  0.00s]
02:56:24.942779 [info ]: Started scheduling
02:56:24.943168 [info ]: Finished scheduling [  0.00s]
02:56:43.934328 [info ]: Started scheduling
02:56:43.934515 [info ]: Finished scheduling [  0.00s]
